Using device: cuda
Epoch 1/25, Train loss: 103.68342225654577
Epoch 1/25, Val loss: 97.31407900172543
Epoch 2/25, Train loss: 96.98626177651542
Epoch 2/25, Val loss: 95.4976278126958
Epoch 3/25, Train loss: 94.99046620657278
Epoch 3/25, Val loss: 93.49997880516283
Epoch 4/25, Train loss: 92.97861713270017
Epoch 4/25, Val loss: 92.28806873258338
Epoch 5/25, Train loss: 91.23079705475969
Epoch 5/25, Val loss: 91.4106198405645
Epoch 6/25, Train loss: 89.00020570454011
Epoch 6/25, Val loss: 90.0842205156763
Epoch 7/25, Train loss: 86.70985519371159
Epoch 7/25, Val loss: 87.7741817882262
Epoch 8/25, Train loss: 84.6437772072827
Epoch 8/25, Val loss: 87.04222841004291
Epoch 9/25, Train loss: 82.6862156652533
Epoch 9/25, Val loss: 86.65014194293194
Epoch 10/25, Train loss: 80.36826588109483
Epoch 10/25, Val loss: 85.35730535294636
Epoch 11/25, Train loss: 78.23558456794764
Epoch 11/25, Val loss: 83.91360225304064
Epoch 12/25, Train loss: 76.0282169117088
Epoch 12/25, Val loss: 83.56024612863379
Epoch 13/25, Train loss: 73.71160954732039
Epoch 13/25, Val loss: 83.41984599469656
Epoch 14/25, Train loss: 72.02385113088792
Epoch 14/25, Val loss: 82.54454336108931
Epoch 15/25, Train loss: 69.62990797952165
Epoch 15/25, Val loss: 82.38574594905577
Epoch 16/25, Train loss: 67.1781581168951
Epoch 16/25, Val loss: 81.67294846098108
Epoch 17/25, Train loss: 65.4417964390346
Epoch 17/25, Val loss: 81.70467278612665
Epoch 18/25, Train loss: 63.630547051413906
Epoch 18/25, Val loss: 81.7004658342844
Epoch 19/25, Train loss: 61.266936824567296
Epoch 19/25, Val loss: 80.9598241513034
Epoch 20/25, Train loss: 60.02371913927338
Epoch 20/25, Val loss: 81.68267813217209
Epoch 21/25, Train loss: 57.68712501747664
Epoch 21/25, Val loss: 80.95504519163845
Epoch 22/25, Train loss: 56.25108105874933
Epoch 22/25, Val loss: 82.11340176053794
Epoch 23/25, Train loss: 54.15039272007356
Epoch 23/25, Val loss: 82.45688048759139
Epoch 24/25, Train loss: 52.080392523461406
Epoch 24/25, Val loss: 81.2626090796597
Epoch 25/25, Train loss: 50.70416776682451
Epoch 25/25, Val loss: 82.74135740837418
/opt/conda/lib/python3.10/site-packages/torch/nn/modules/conv.py:456: UserWarning: Applied workaround for CuDNN issue, install nvrtc.so (Triggered internally at /opt/conda/conda-bld/pytorch_1716905971132/work/aten/src/ATen/native/cudnn/Conv_v8.cpp:84.)
  return F.conv2d(input, weight, bias, self.stride,