2024-07-31 18:45:01,678 INFO    MainThread:2908705 [wandb_setup.py:_flush():76] Current SDK version is 0.17.3
2024-07-31 18:45:01,680 INFO    MainThread:2908705 [wandb_setup.py:_flush():76] Configure stats pid to 2908705
2024-07-31 18:45:01,680 INFO    MainThread:2908705 [wandb_setup.py:_flush():76] Loading settings from /home/adamb14/.config/wandb/settings
2024-07-31 18:45:01,681 INFO    MainThread:2908705 [wandb_setup.py:_flush():76] Loading settings from /home/adamb14/wandb/settings
2024-07-31 18:45:01,681 WARNING MainThread:2908705 [wandb_setup.py:_flush():76] Unknown environment variable: WANDB_WATCH
2024-07-31 18:45:01,681 INFO    MainThread:2908705 [wandb_setup.py:_flush():76] Loading settings from environment variables: {'api_key': '***REDACTED***', 'root_dir': '/home/adamb14/scratch/logs', 'mode': 'offline'}
2024-07-31 18:45:01,681 INFO    MainThread:2908705 [wandb_setup.py:_flush():76] Applying setup settings: {'_disable_service': False}
2024-07-31 18:45:01,681 WARNING MainThread:2908705 [wandb_setup.py:_flush():76] Could not save program above cwd: /ood_slam/scripts/train.py
2024-07-31 18:45:01,681 INFO    MainThread:2908705 [wandb_setup.py:_flush():76] Inferring run settings from compute environment: {'program_relpath': None, 'program_abspath': '/ood_slam/scripts/train.py', 'program': '/ood_slam/scripts/train.py'}
2024-07-31 18:45:01,681 INFO    MainThread:2908705 [wandb_init.py:_log_setup():520] Logging user logs to /home/adamb14/scratch/logs/wandb/offline-run-20240731_184501-kzcuwfbf/logs/debug.log
2024-07-31 18:45:01,681 INFO    MainThread:2908705 [wandb_init.py:_log_setup():521] Logging internal logs to /home/adamb14/scratch/logs/wandb/offline-run-20240731_184501-kzcuwfbf/logs/debug-internal.log
2024-07-31 18:45:01,681 INFO    MainThread:2908705 [wandb_init.py:init():560] calling init triggers
2024-07-31 18:45:01,681 INFO    MainThread:2908705 [wandb_init.py:init():567] wandb.init called with sweep_config: {}
config: {}
2024-07-31 18:45:01,681 INFO    MainThread:2908705 [wandb_init.py:init():610] starting backend
2024-07-31 18:45:01,681 INFO    MainThread:2908705 [wandb_init.py:init():614] setting up manager
2024-07-31 18:45:01,686 INFO    MainThread:2908705 [backend.py:_multiprocessing_setup():105] multiprocessing start_methods=fork,spawn,forkserver, using: spawn
2024-07-31 18:45:01,688 INFO    MainThread:2908705 [wandb_init.py:init():622] backend started and connected
2024-07-31 18:45:01,692 INFO    MainThread:2908705 [wandb_init.py:init():711] updated telemetry
2024-07-31 18:45:01,692 INFO    MainThread:2908705 [wandb_init.py:init():744] communicating run to backend with 90.0 second timeout
2024-07-31 18:45:01,863 INFO    MainThread:2908705 [wandb_init.py:init():795] starting run threads in backend
2024-07-31 18:45:05,763 INFO    MainThread:2908705 [wandb_run.py:_console_start():2380] atexit reg
2024-07-31 18:45:05,763 INFO    MainThread:2908705 [wandb_run.py:_redirect():2235] redirect: wrap_raw
2024-07-31 18:45:05,842 INFO    MainThread:2908705 [wandb_run.py:_redirect():2300] Wrapping output streams.
2024-07-31 18:45:05,842 INFO    MainThread:2908705 [wandb_run.py:_redirect():2325] Redirects installed.
2024-07-31 18:45:05,844 INFO    MainThread:2908705 [wandb_init.py:init():838] run started, returning control to user process
2024-07-31 18:45:10,252 INFO    MainThread:2908705 [wandb_run.py:_config_callback():1382] config_cb None None {'learning_rate': 0.001, 'batch_size': 64, 'num_epochs': 25, 'sequence_length': 1}
2024-07-31 20:56:13,918 WARNING MsgRouterThr:2908705 [router.py:message_loop():77] message_loop has been closed
