2024-08-02 22:45:00,132 INFO    MainThread:1945215 [wandb_setup.py:_flush():76] Current SDK version is 0.17.3
2024-08-02 22:45:00,132 INFO    MainThread:1945215 [wandb_setup.py:_flush():76] Configure stats pid to 1945215
2024-08-02 22:45:00,132 INFO    MainThread:1945215 [wandb_setup.py:_flush():76] Loading settings from /home/adamb14/.config/wandb/settings
2024-08-02 22:45:00,132 INFO    MainThread:1945215 [wandb_setup.py:_flush():76] Loading settings from /home/adamb14/wandb/settings
2024-08-02 22:45:00,132 WARNING MainThread:1945215 [wandb_setup.py:_flush():76] Unknown environment variable: WANDB_WATCH
2024-08-02 22:45:00,132 INFO    MainThread:1945215 [wandb_setup.py:_flush():76] Loading settings from environment variables: {'api_key': '***REDACTED***', 'root_dir': '/home/adamb14/scratch/logs', 'mode': 'offline'}
2024-08-02 22:45:00,133 INFO    MainThread:1945215 [wandb_setup.py:_flush():76] Applying setup settings: {'_disable_service': False}
2024-08-02 22:45:00,133 WARNING MainThread:1945215 [wandb_setup.py:_flush():76] Could not save program above cwd: /ood_slam/scripts/train.py
2024-08-02 22:45:00,133 INFO    MainThread:1945215 [wandb_setup.py:_flush():76] Inferring run settings from compute environment: {'program_relpath': None, 'program_abspath': '/ood_slam/scripts/train.py', 'program': '/ood_slam/scripts/train.py'}
2024-08-02 22:45:00,133 INFO    MainThread:1945215 [wandb_init.py:_log_setup():520] Logging user logs to /home/adamb14/scratch/logs/wandb/offline-run-20240802_224500-yf2gcvof/logs/debug.log
2024-08-02 22:45:00,133 INFO    MainThread:1945215 [wandb_init.py:_log_setup():521] Logging internal logs to /home/adamb14/scratch/logs/wandb/offline-run-20240802_224500-yf2gcvof/logs/debug-internal.log
2024-08-02 22:45:00,133 INFO    MainThread:1945215 [wandb_init.py:init():560] calling init triggers
2024-08-02 22:45:00,133 INFO    MainThread:1945215 [wandb_init.py:init():567] wandb.init called with sweep_config: {}
config: {}
2024-08-02 22:45:00,133 INFO    MainThread:1945215 [wandb_init.py:init():610] starting backend
2024-08-02 22:45:00,133 INFO    MainThread:1945215 [wandb_init.py:init():614] setting up manager
2024-08-02 22:45:00,138 INFO    MainThread:1945215 [backend.py:_multiprocessing_setup():105] multiprocessing start_methods=fork,spawn,forkserver, using: spawn
2024-08-02 22:45:00,140 INFO    MainThread:1945215 [wandb_init.py:init():622] backend started and connected
2024-08-02 22:45:00,145 INFO    MainThread:1945215 [wandb_init.py:init():711] updated telemetry
2024-08-02 22:45:00,145 INFO    MainThread:1945215 [wandb_init.py:init():744] communicating run to backend with 90.0 second timeout
2024-08-02 22:45:00,216 INFO    MainThread:1945215 [wandb_init.py:init():795] starting run threads in backend
2024-08-02 22:45:03,698 INFO    MainThread:1945215 [wandb_run.py:_console_start():2380] atexit reg
2024-08-02 22:45:03,698 INFO    MainThread:1945215 [wandb_run.py:_redirect():2235] redirect: wrap_raw
2024-08-02 22:45:03,795 INFO    MainThread:1945215 [wandb_run.py:_redirect():2300] Wrapping output streams.
2024-08-02 22:45:03,795 INFO    MainThread:1945215 [wandb_run.py:_redirect():2325] Redirects installed.
2024-08-02 22:45:03,797 INFO    MainThread:1945215 [wandb_init.py:init():838] run started, returning control to user process
2024-08-02 22:45:06,267 INFO    MainThread:1945215 [wandb_run.py:_config_callback():1382] config_cb None None {'learning_rate': 1e-05, 'batch_size': 64, 'num_epochs': 25, 'sequence_length': 1}
2024-08-02 23:56:00,666 WARNING MsgRouterThr:1945215 [router.py:message_loop():77] message_loop has been closed
