Using device: cuda
Epoch 1/25, Train loss: 210.4975207065823
Epoch 1/25, Val loss: 2.072042298604207
Epoch 2/25, Train loss: 201.11973285991886
Epoch 2/25, Val loss: 2.023336111781109
Epoch 3/25, Train loss: 199.2094511779836
Epoch 3/25, Val loss: 1.9633100693484387
Epoch 4/25, Train loss: 197.36406512276278
Epoch 4/25, Val loss: 1.944373127925827
Epoch 5/25, Train loss: 195.3213010008549
Epoch 5/25, Val loss: 1.9112949773489711
Epoch 6/25, Train loss: 192.94106230624885
Epoch 6/25, Val loss: 1.9165999056345009
Epoch 7/25, Train loss: 191.21238270154427
Epoch 7/25, Val loss: 1.943791257329734
Epoch 8/25, Train loss: 188.6057822712236
Epoch 8/25, Val loss: 1.9427921398576484
Epoch 9/25, Train loss: 186.1106303126313
Epoch 9/25, Val loss: 1.9432112825922219
Epoch 10/25, Train loss: 183.4098050380466
Epoch 10/25, Val loss: 1.9026501781969185
Epoch 11/25, Train loss: 180.62036691155544
Epoch 11/25, Val loss: 1.9024324704365558
Epoch 12/25, Train loss: 177.54341609612652
Epoch 12/25, Val loss: 2.00256382126406
Epoch 13/25, Train loss: 174.48166126587066
Epoch 13/25, Val loss: 1.9198076983532273
Epoch 14/25, Train loss: 170.74701720773183
Epoch 14/25, Val loss: 1.8951330989240163
Epoch 15/25, Train loss: 167.25154984908247
Epoch 15/25, Val loss: 1.9553490431911975
Epoch 16/25, Train loss: 163.45096967386644
Epoch 16/25, Val loss: 1.9178799261529762
Epoch 17/25, Train loss: 159.30243551057833
Epoch 17/25, Val loss: 1.9524753955473382
Epoch 18/25, Train loss: 155.71383525366798
Epoch 18/25, Val loss: 1.9535844728171108
Epoch 19/25, Train loss: 151.52609334356364
Epoch 19/25, Val loss: 2.014353375837027
Epoch 20/25, Train loss: 147.90950053395622
Epoch 20/25, Val loss: 2.066505127642528
Epoch 21/25, Train loss: 143.4003766684041
Epoch 21/25, Val loss: 2.0252672017338766
Epoch 22/25, Train loss: 139.56555070591924
Epoch 22/25, Val loss: 2.0299675091203437
Epoch 23/25, Train loss: 134.96959783230906
Epoch 23/25, Val loss: 2.0351239284837104
Epoch 24/25, Train loss: 130.88934782097903
Epoch 24/25, Val loss: 2.1081669359322053
Epoch 25/25, Train loss: 127.4475995219031
Epoch 25/25, Val loss: 2.187936607613621
/opt/conda/lib/python3.10/site-packages/torch/nn/modules/conv.py:456: UserWarning: Applied workaround for CuDNN issue, install nvrtc.so (Triggered internally at /opt/conda/conda-bld/pytorch_1716905971132/work/aten/src/ATen/native/cudnn/Conv_v8.cpp:84.)
  return F.conv2d(input, weight, bias, self.stride,